2016-07-14 18:07:50,360 - Log4JLogChute initialized using file 'velocity.log'
2016-07-14 18:07:50,361 - Velocity was not initialized! Calling init()...
2016-07-14 18:07:50,361 - Starting Apache Velocity v1.5 (compiled: 2007-02-22 08:52:29)
2016-07-14 18:07:50,361 - Default Properties File: org\apache\velocity\runtime\defaults\velocity.properties
2016-07-14 18:07:50,361 - Trying to use logger class org.apache.velocity.runtime.log.AvalonLogChute
2016-07-14 18:07:50,361 - Couldn't find class org.apache.velocity.runtime.log.AvalonLogChute or necessary supporting classes in classpath.
java.lang.NoClassDefFoundError: org/apache/log/format/Formatter
	at java.lang.Class.forName0(Native Method)
	at java.lang.Class.forName(Class.java:348)
	at org.apache.velocity.util.ClassUtils.getClass(ClassUtils.java:63)
	at org.apache.velocity.util.ClassUtils.getNewInstance(ClassUtils.java:95)
	at org.apache.velocity.runtime.log.LogManager.createLogChute(LogManager.java:147)
	at org.apache.velocity.runtime.log.LogManager.updateLog(LogManager.java:208)
	at org.apache.velocity.runtime.RuntimeInstance.initializeLog(RuntimeInstance.java:728)
	at org.apache.velocity.runtime.RuntimeInstance.init(RuntimeInstance.java:240)
	at org.apache.velocity.runtime.RuntimeInstance.parse(RuntimeInstance.java:993)
	at org.apache.velocity.runtime.RuntimeInstance.parse(RuntimeInstance.java:972)
	at org.apache.velocity.runtime.RuntimeSingleton.parse(RuntimeSingleton.java:265)
	at org.apache.velocity.app.Velocity.evaluate(Velocity.java:274)
	at org.sonatype.mavenbook.weather.WeatherFormatter.format(WeatherFormatter.java:21)
	at org.sonatype.mavenbook.weather.yahoo.WeatherFormatterTest.testFormat(WeatherFormatterTest.java:23)
	at sun.reflect.NativeMethodAccessorImpl.invoke0(Native Method)
	at sun.reflect.NativeMethodAccessorImpl.invoke(NativeMethodAccessorImpl.java:62)
	at sun.reflect.DelegatingMethodAccessorImpl.invoke(DelegatingMethodAccessorImpl.java:43)
	at java.lang.reflect.Method.invoke(Method.java:497)
	at junit.framework.TestCase.runTest(TestCase.java:176)
	at junit.framework.TestCase.runBare(TestCase.java:141)
	at junit.framework.TestResult$1.protect(TestResult.java:122)
	at junit.framework.TestResult.runProtected(TestResult.java:142)
	at junit.framework.TestResult.run(TestResult.java:125)
	at junit.framework.TestCase.run(TestCase.java:129)
	at junit.framework.TestSuite.runTest(TestSuite.java:252)
	at junit.framework.TestSuite.run(TestSuite.java:247)
	at org.junit.internal.runners.JUnit38ClassRunner.run(JUnit38ClassRunner.java:86)
	at org.apache.maven.surefire.junit4.JUnit4Provider.execute(JUnit4Provider.java:252)
	at org.apache.maven.surefire.junit4.JUnit4Provider.executeTestSet(JUnit4Provider.java:141)
	at org.apache.maven.surefire.junit4.JUnit4Provider.invoke(JUnit4Provider.java:112)
	at sun.reflect.NativeMethodAccessorImpl.invoke0(Native Method)
	at sun.reflect.NativeMethodAccessorImpl.invoke(NativeMethodAccessorImpl.java:62)
	at sun.reflect.DelegatingMethodAccessorImpl.invoke(DelegatingMethodAccessorImpl.java:43)
	at java.lang.reflect.Method.invoke(Method.java:497)
	at org.apache.maven.surefire.util.ReflectionUtils.invokeMethodWithArray(ReflectionUtils.java:189)
	at org.apache.maven.surefire.booter.ProviderFactory$ProviderProxy.invoke(ProviderFactory.java:165)
	at org.apache.maven.surefire.booter.ProviderFactory.invokeProvider(ProviderFactory.java:85)
	at org.apache.maven.surefire.booter.ForkedBooter.runSuitesInProcess(ForkedBooter.java:115)
	at org.apache.maven.surefire.booter.ForkedBooter.main(ForkedBooter.java:75)
Caused by: java.lang.ClassNotFoundException: org.apache.log.format.Formatter
	at java.net.URLClassLoader.findClass(URLClassLoader.java:381)
	at java.lang.ClassLoader.loadClass(ClassLoader.java:424)
	at sun.misc.Launcher$AppClassLoader.loadClass(Launcher.java:331)
	at java.lang.ClassLoader.loadClass(ClassLoader.java:357)
	... 39 more
2016-07-14 18:07:50,362 - Trying to use logger class org.apache.velocity.runtime.log.Log4JLogChute
2016-07-14 18:07:50,362 - Using logger class org.apache.velocity.runtime.log.Log4JLogChute
2016-07-14 18:07:50,364 - Default ResourceManager initializing. (class org.apache.velocity.runtime.resource.ResourceManagerImpl)
2016-07-14 18:07:50,365 - ResourceLoader instantiated: org.apache.velocity.runtime.resource.loader.FileResourceLoader
2016-07-14 18:07:50,366 - Do unicode file recognition:  false
2016-07-14 18:07:50,366 - FileResourceLoader : adding path '.'
2016-07-14 18:07:50,374 - ResourceCache: initialized (class org.apache.velocity.runtime.resource.ResourceCacheImpl)
2016-07-14 18:07:50,374 - Loaded System Directive: org.apache.velocity.runtime.directive.Literal
2016-07-14 18:07:50,375 - Loaded System Directive: org.apache.velocity.runtime.directive.Macro
2016-07-14 18:07:50,376 - Loaded System Directive: org.apache.velocity.runtime.directive.Parse
2016-07-14 18:07:50,377 - Loaded System Directive: org.apache.velocity.runtime.directive.Include
2016-07-14 18:07:50,377 - Loaded System Directive: org.apache.velocity.runtime.directive.Foreach
2016-07-14 18:07:50,398 - Created '20' parsers.
2016-07-14 18:07:50,402 - Velocimacro : "velocimacro.library" is not set.  Trying default library: VM_global_library.vm
2016-07-14 18:07:50,402 - Velocimacro : Default library not found.
2016-07-14 18:07:50,402 - Velocimacro : allowInline = true : VMs can be defined inline in templates
2016-07-14 18:07:50,402 - Velocimacro : allowInlineToOverride = false : VMs defined inline may NOT replace previous VM definitions
2016-07-14 18:07:50,402 - Velocimacro : allowInlineLocal = false : VMs defined inline will be global in scope if allowed.
2016-07-14 18:07:50,402 - Velocimacro : autoload off : VM system will not automatically reload global library macros
2016-07-15 11:10:30,709 - Log4JLogChute initialized using file 'velocity.log'
2016-07-15 11:10:30,709 - Velocity was not initialized! Calling init()...
2016-07-15 11:10:30,709 - Starting Apache Velocity v1.5 (compiled: 2007-02-22 08:52:29)
2016-07-15 11:10:30,709 - Default Properties File: org\apache\velocity\runtime\defaults\velocity.properties
2016-07-15 11:10:30,709 - Trying to use logger class org.apache.velocity.runtime.log.AvalonLogChute
2016-07-15 11:10:30,710 - Couldn't find class org.apache.velocity.runtime.log.AvalonLogChute or necessary supporting classes in classpath.
java.lang.NoClassDefFoundError: org/apache/log/format/Formatter
	at java.lang.Class.forName0(Native Method)
	at java.lang.Class.forName(Class.java:348)
	at org.apache.velocity.util.ClassUtils.getClass(ClassUtils.java:63)
	at org.apache.velocity.util.ClassUtils.getNewInstance(ClassUtils.java:95)
	at org.apache.velocity.runtime.log.LogManager.createLogChute(LogManager.java:147)
	at org.apache.velocity.runtime.log.LogManager.updateLog(LogManager.java:208)
	at org.apache.velocity.runtime.RuntimeInstance.initializeLog(RuntimeInstance.java:728)
	at org.apache.velocity.runtime.RuntimeInstance.init(RuntimeInstance.java:240)
	at org.apache.velocity.runtime.RuntimeInstance.parse(RuntimeInstance.java:993)
	at org.apache.velocity.runtime.RuntimeInstance.parse(RuntimeInstance.java:972)
	at org.apache.velocity.runtime.RuntimeSingleton.parse(RuntimeSingleton.java:265)
	at org.apache.velocity.app.Velocity.evaluate(Velocity.java:274)
	at org.sonatype.mavenbook.weather.WeatherFormatter.format(WeatherFormatter.java:21)
	at org.sonatype.mavenbook.weather.yahoo.WeatherFormatterTest.testFormat(WeatherFormatterTest.java:23)
	at sun.reflect.NativeMethodAccessorImpl.invoke0(Native Method)
	at sun.reflect.NativeMethodAccessorImpl.invoke(NativeMethodAccessorImpl.java:62)
	at sun.reflect.DelegatingMethodAccessorImpl.invoke(DelegatingMethodAccessorImpl.java:43)
	at java.lang.reflect.Method.invoke(Method.java:497)
	at junit.framework.TestCase.runTest(TestCase.java:176)
	at junit.framework.TestCase.runBare(TestCase.java:141)
	at junit.framework.TestResult$1.protect(TestResult.java:122)
	at junit.framework.TestResult.runProtected(TestResult.java:142)
	at junit.framework.TestResult.run(TestResult.java:125)
	at junit.framework.TestCase.run(TestCase.java:129)
	at junit.framework.TestSuite.runTest(TestSuite.java:252)
	at junit.framework.TestSuite.run(TestSuite.java:247)
	at org.junit.internal.runners.JUnit38ClassRunner.run(JUnit38ClassRunner.java:86)
	at org.apache.maven.surefire.junit4.JUnit4Provider.execute(JUnit4Provider.java:252)
	at org.apache.maven.surefire.junit4.JUnit4Provider.executeTestSet(JUnit4Provider.java:141)
	at org.apache.maven.surefire.junit4.JUnit4Provider.invoke(JUnit4Provider.java:112)
	at sun.reflect.NativeMethodAccessorImpl.invoke0(Native Method)
	at sun.reflect.NativeMethodAccessorImpl.invoke(NativeMethodAccessorImpl.java:62)
	at sun.reflect.DelegatingMethodAccessorImpl.invoke(DelegatingMethodAccessorImpl.java:43)
	at java.lang.reflect.Method.invoke(Method.java:497)
	at org.apache.maven.surefire.util.ReflectionUtils.invokeMethodWithArray(ReflectionUtils.java:189)
	at org.apache.maven.surefire.booter.ProviderFactory$ProviderProxy.invoke(ProviderFactory.java:165)
	at org.apache.maven.surefire.booter.ProviderFactory.invokeProvider(ProviderFactory.java:85)
	at org.apache.maven.surefire.booter.ForkedBooter.runSuitesInProcess(ForkedBooter.java:115)
	at org.apache.maven.surefire.booter.ForkedBooter.main(ForkedBooter.java:75)
Caused by: java.lang.ClassNotFoundException: org.apache.log.format.Formatter
	at java.net.URLClassLoader.findClass(URLClassLoader.java:381)
	at java.lang.ClassLoader.loadClass(ClassLoader.java:424)
	at sun.misc.Launcher$AppClassLoader.loadClass(Launcher.java:331)
	at java.lang.ClassLoader.loadClass(ClassLoader.java:357)
	... 39 more
2016-07-15 11:10:30,710 - Trying to use logger class org.apache.velocity.runtime.log.Log4JLogChute
2016-07-15 11:10:30,710 - Using logger class org.apache.velocity.runtime.log.Log4JLogChute
2016-07-15 11:10:30,712 - Default ResourceManager initializing. (class org.apache.velocity.runtime.resource.ResourceManagerImpl)
2016-07-15 11:10:30,714 - ResourceLoader instantiated: org.apache.velocity.runtime.resource.loader.FileResourceLoader
2016-07-15 11:10:30,714 - Do unicode file recognition:  false
2016-07-15 11:10:30,714 - FileResourceLoader : adding path '.'
2016-07-15 11:10:30,723 - ResourceCache: initialized (class org.apache.velocity.runtime.resource.ResourceCacheImpl)
2016-07-15 11:10:30,724 - Loaded System Directive: org.apache.velocity.runtime.directive.Literal
2016-07-15 11:10:30,724 - Loaded System Directive: org.apache.velocity.runtime.directive.Macro
2016-07-15 11:10:30,725 - Loaded System Directive: org.apache.velocity.runtime.directive.Parse
2016-07-15 11:10:30,726 - Loaded System Directive: org.apache.velocity.runtime.directive.Include
2016-07-15 11:10:30,726 - Loaded System Directive: org.apache.velocity.runtime.directive.Foreach
2016-07-15 11:10:30,747 - Created '20' parsers.
2016-07-15 11:10:30,751 - Velocimacro : "velocimacro.library" is not set.  Trying default library: VM_global_library.vm
2016-07-15 11:10:30,751 - Velocimacro : Default library not found.
2016-07-15 11:10:30,751 - Velocimacro : allowInline = true : VMs can be defined inline in templates
2016-07-15 11:10:30,751 - Velocimacro : allowInlineToOverride = false : VMs defined inline may NOT replace previous VM definitions
2016-07-15 11:10:30,751 - Velocimacro : allowInlineLocal = false : VMs defined inline will be global in scope if allowed.
2016-07-15 11:10:30,751 - Velocimacro : autoload off : VM system will not automatically reload global library macros
2016-07-15 11:14:30,608 - Log4JLogChute initialized using file 'velocity.log'
2016-07-15 11:14:30,608 - Velocity was not initialized! Calling init()...
2016-07-15 11:14:30,608 - Starting Apache Velocity v1.5 (compiled: 2007-02-22 08:52:29)
2016-07-15 11:14:30,608 - Default Properties File: org\apache\velocity\runtime\defaults\velocity.properties
2016-07-15 11:14:30,608 - Trying to use logger class org.apache.velocity.runtime.log.AvalonLogChute
2016-07-15 11:14:30,608 - Couldn't find class org.apache.velocity.runtime.log.AvalonLogChute or necessary supporting classes in classpath.
java.lang.NoClassDefFoundError: org/apache/log/format/Formatter
	at java.lang.Class.forName0(Native Method)
	at java.lang.Class.forName(Class.java:348)
	at org.apache.velocity.util.ClassUtils.getClass(ClassUtils.java:63)
	at org.apache.velocity.util.ClassUtils.getNewInstance(ClassUtils.java:95)
	at org.apache.velocity.runtime.log.LogManager.createLogChute(LogManager.java:147)
	at org.apache.velocity.runtime.log.LogManager.updateLog(LogManager.java:208)
	at org.apache.velocity.runtime.RuntimeInstance.initializeLog(RuntimeInstance.java:728)
	at org.apache.velocity.runtime.RuntimeInstance.init(RuntimeInstance.java:240)
	at org.apache.velocity.runtime.RuntimeInstance.parse(RuntimeInstance.java:993)
	at org.apache.velocity.runtime.RuntimeInstance.parse(RuntimeInstance.java:972)
	at org.apache.velocity.runtime.RuntimeSingleton.parse(RuntimeSingleton.java:265)
	at org.apache.velocity.app.Velocity.evaluate(Velocity.java:274)
	at org.sonatype.mavenbook.weather.WeatherFormatter.format(WeatherFormatter.java:21)
	at org.sonatype.mavenbook.weather.yahoo.WeatherFormatterTest.testFormat(WeatherFormatterTest.java:23)
	at sun.reflect.NativeMethodAccessorImpl.invoke0(Native Method)
	at sun.reflect.NativeMethodAccessorImpl.invoke(NativeMethodAccessorImpl.java:62)
	at sun.reflect.DelegatingMethodAccessorImpl.invoke(DelegatingMethodAccessorImpl.java:43)
	at java.lang.reflect.Method.invoke(Method.java:497)
	at junit.framework.TestCase.runTest(TestCase.java:176)
	at junit.framework.TestCase.runBare(TestCase.java:141)
	at junit.framework.TestResult$1.protect(TestResult.java:122)
	at junit.framework.TestResult.runProtected(TestResult.java:142)
	at junit.framework.TestResult.run(TestResult.java:125)
	at junit.framework.TestCase.run(TestCase.java:129)
	at junit.framework.TestSuite.runTest(TestSuite.java:252)
	at junit.framework.TestSuite.run(TestSuite.java:247)
	at org.junit.internal.runners.JUnit38ClassRunner.run(JUnit38ClassRunner.java:86)
	at org.apache.maven.surefire.junit4.JUnit4Provider.execute(JUnit4Provider.java:252)
	at org.apache.maven.surefire.junit4.JUnit4Provider.executeTestSet(JUnit4Provider.java:141)
	at org.apache.maven.surefire.junit4.JUnit4Provider.invoke(JUnit4Provider.java:112)
	at sun.reflect.NativeMethodAccessorImpl.invoke0(Native Method)
	at sun.reflect.NativeMethodAccessorImpl.invoke(NativeMethodAccessorImpl.java:62)
	at sun.reflect.DelegatingMethodAccessorImpl.invoke(DelegatingMethodAccessorImpl.java:43)
	at java.lang.reflect.Method.invoke(Method.java:497)
	at org.apache.maven.surefire.util.ReflectionUtils.invokeMethodWithArray(ReflectionUtils.java:189)
	at org.apache.maven.surefire.booter.ProviderFactory$ProviderProxy.invoke(ProviderFactory.java:165)
	at org.apache.maven.surefire.booter.ProviderFactory.invokeProvider(ProviderFactory.java:85)
	at org.apache.maven.surefire.booter.ForkedBooter.runSuitesInProcess(ForkedBooter.java:115)
	at org.apache.maven.surefire.booter.ForkedBooter.main(ForkedBooter.java:75)
Caused by: java.lang.ClassNotFoundException: org.apache.log.format.Formatter
	at java.net.URLClassLoader.findClass(URLClassLoader.java:381)
	at java.lang.ClassLoader.loadClass(ClassLoader.java:424)
	at sun.misc.Launcher$AppClassLoader.loadClass(Launcher.java:331)
	at java.lang.ClassLoader.loadClass(ClassLoader.java:357)
	... 39 more
2016-07-15 11:14:30,609 - Trying to use logger class org.apache.velocity.runtime.log.Log4JLogChute
2016-07-15 11:14:30,609 - Using logger class org.apache.velocity.runtime.log.Log4JLogChute
2016-07-15 11:14:30,611 - Default ResourceManager initializing. (class org.apache.velocity.runtime.resource.ResourceManagerImpl)
2016-07-15 11:14:30,612 - ResourceLoader instantiated: org.apache.velocity.runtime.resource.loader.FileResourceLoader
2016-07-15 11:14:30,613 - Do unicode file recognition:  false
2016-07-15 11:14:30,613 - FileResourceLoader : adding path '.'
2016-07-15 11:14:30,621 - ResourceCache: initialized (class org.apache.velocity.runtime.resource.ResourceCacheImpl)
2016-07-15 11:14:30,622 - Loaded System Directive: org.apache.velocity.runtime.directive.Literal
2016-07-15 11:14:30,622 - Loaded System Directive: org.apache.velocity.runtime.directive.Macro
2016-07-15 11:14:30,623 - Loaded System Directive: org.apache.velocity.runtime.directive.Parse
2016-07-15 11:14:30,624 - Loaded System Directive: org.apache.velocity.runtime.directive.Include
2016-07-15 11:14:30,624 - Loaded System Directive: org.apache.velocity.runtime.directive.Foreach
2016-07-15 11:14:30,644 - Created '20' parsers.
2016-07-15 11:14:30,648 - Velocimacro : "velocimacro.library" is not set.  Trying default library: VM_global_library.vm
2016-07-15 11:14:30,648 - Velocimacro : Default library not found.
2016-07-15 11:14:30,648 - Velocimacro : allowInline = true : VMs can be defined inline in templates
2016-07-15 11:14:30,649 - Velocimacro : allowInlineToOverride = false : VMs defined inline may NOT replace previous VM definitions
2016-07-15 11:14:30,649 - Velocimacro : allowInlineLocal = false : VMs defined inline will be global in scope if allowed.
2016-07-15 11:14:30,649 - Velocimacro : autoload off : VM system will not automatically reload global library macros
2016-07-15 11:16:05,769 - Log4JLogChute initialized using file 'velocity.log'
2016-07-15 11:16:05,769 - Velocity was not initialized! Calling init()...
2016-07-15 11:16:05,770 - Starting Apache Velocity v1.5 (compiled: 2007-02-22 08:52:29)
2016-07-15 11:16:05,770 - Default Properties File: org\apache\velocity\runtime\defaults\velocity.properties
2016-07-15 11:16:05,770 - Trying to use logger class org.apache.velocity.runtime.log.AvalonLogChute
2016-07-15 11:16:05,770 - Couldn't find class org.apache.velocity.runtime.log.AvalonLogChute or necessary supporting classes in classpath.
java.lang.NoClassDefFoundError: org/apache/log/format/Formatter
	at java.lang.Class.forName0(Native Method)
	at java.lang.Class.forName(Class.java:348)
	at org.apache.velocity.util.ClassUtils.getClass(ClassUtils.java:63)
	at org.apache.velocity.util.ClassUtils.getNewInstance(ClassUtils.java:95)
	at org.apache.velocity.runtime.log.LogManager.createLogChute(LogManager.java:147)
	at org.apache.velocity.runtime.log.LogManager.updateLog(LogManager.java:208)
	at org.apache.velocity.runtime.RuntimeInstance.initializeLog(RuntimeInstance.java:728)
	at org.apache.velocity.runtime.RuntimeInstance.init(RuntimeInstance.java:240)
	at org.apache.velocity.runtime.RuntimeInstance.parse(RuntimeInstance.java:993)
	at org.apache.velocity.runtime.RuntimeInstance.parse(RuntimeInstance.java:972)
	at org.apache.velocity.runtime.RuntimeSingleton.parse(RuntimeSingleton.java:265)
	at org.apache.velocity.app.Velocity.evaluate(Velocity.java:274)
	at org.sonatype.mavenbook.weather.WeatherFormatter.format(WeatherFormatter.java:21)
	at org.sonatype.mavenbook.weather.yahoo.WeatherFormatterTest.testFormat(WeatherFormatterTest.java:23)
	at sun.reflect.NativeMethodAccessorImpl.invoke0(Native Method)
	at sun.reflect.NativeMethodAccessorImpl.invoke(NativeMethodAccessorImpl.java:62)
	at sun.reflect.DelegatingMethodAccessorImpl.invoke(DelegatingMethodAccessorImpl.java:43)
	at java.lang.reflect.Method.invoke(Method.java:497)
	at junit.framework.TestCase.runTest(TestCase.java:176)
	at junit.framework.TestCase.runBare(TestCase.java:141)
	at junit.framework.TestResult$1.protect(TestResult.java:122)
	at junit.framework.TestResult.runProtected(TestResult.java:142)
	at junit.framework.TestResult.run(TestResult.java:125)
	at junit.framework.TestCase.run(TestCase.java:129)
	at junit.framework.TestSuite.runTest(TestSuite.java:252)
	at junit.framework.TestSuite.run(TestSuite.java:247)
	at org.junit.internal.runners.JUnit38ClassRunner.run(JUnit38ClassRunner.java:86)
	at org.apache.maven.surefire.junit4.JUnit4Provider.execute(JUnit4Provider.java:252)
	at org.apache.maven.surefire.junit4.JUnit4Provider.executeTestSet(JUnit4Provider.java:141)
	at org.apache.maven.surefire.junit4.JUnit4Provider.invoke(JUnit4Provider.java:112)
	at sun.reflect.NativeMethodAccessorImpl.invoke0(Native Method)
	at sun.reflect.NativeMethodAccessorImpl.invoke(NativeMethodAccessorImpl.java:62)
	at sun.reflect.DelegatingMethodAccessorImpl.invoke(DelegatingMethodAccessorImpl.java:43)
	at java.lang.reflect.Method.invoke(Method.java:497)
	at org.apache.maven.surefire.util.ReflectionUtils.invokeMethodWithArray(ReflectionUtils.java:189)
	at org.apache.maven.surefire.booter.ProviderFactory$ProviderProxy.invoke(ProviderFactory.java:165)
	at org.apache.maven.surefire.booter.ProviderFactory.invokeProvider(ProviderFactory.java:85)
	at org.apache.maven.surefire.booter.ForkedBooter.runSuitesInProcess(ForkedBooter.java:115)
	at org.apache.maven.surefire.booter.ForkedBooter.main(ForkedBooter.java:75)
Caused by: java.lang.ClassNotFoundException: org.apache.log.format.Formatter
	at java.net.URLClassLoader.findClass(URLClassLoader.java:381)
	at java.lang.ClassLoader.loadClass(ClassLoader.java:424)
	at sun.misc.Launcher$AppClassLoader.loadClass(Launcher.java:331)
	at java.lang.ClassLoader.loadClass(ClassLoader.java:357)
	... 39 more
2016-07-15 11:16:05,771 - Trying to use logger class org.apache.velocity.runtime.log.Log4JLogChute
2016-07-15 11:16:05,771 - Using logger class org.apache.velocity.runtime.log.Log4JLogChute
2016-07-15 11:16:05,772 - Default ResourceManager initializing. (class org.apache.velocity.runtime.resource.ResourceManagerImpl)
2016-07-15 11:16:05,774 - ResourceLoader instantiated: org.apache.velocity.runtime.resource.loader.FileResourceLoader
2016-07-15 11:16:05,775 - Do unicode file recognition:  false
2016-07-15 11:16:05,775 - FileResourceLoader : adding path '.'
2016-07-15 11:16:05,782 - ResourceCache: initialized (class org.apache.velocity.runtime.resource.ResourceCacheImpl)
2016-07-15 11:16:05,783 - Loaded System Directive: org.apache.velocity.runtime.directive.Literal
2016-07-15 11:16:05,784 - Loaded System Directive: org.apache.velocity.runtime.directive.Macro
2016-07-15 11:16:05,784 - Loaded System Directive: org.apache.velocity.runtime.directive.Parse
2016-07-15 11:16:05,785 - Loaded System Directive: org.apache.velocity.runtime.directive.Include
2016-07-15 11:16:05,786 - Loaded System Directive: org.apache.velocity.runtime.directive.Foreach
2016-07-15 11:16:05,806 - Created '20' parsers.
2016-07-15 11:16:05,810 - Velocimacro : "velocimacro.library" is not set.  Trying default library: VM_global_library.vm
2016-07-15 11:16:05,810 - Velocimacro : Default library not found.
2016-07-15 11:16:05,810 - Velocimacro : allowInline = true : VMs can be defined inline in templates
2016-07-15 11:16:05,810 - Velocimacro : allowInlineToOverride = false : VMs defined inline may NOT replace previous VM definitions
2016-07-15 11:16:05,810 - Velocimacro : allowInlineLocal = false : VMs defined inline will be global in scope if allowed.
2016-07-15 11:16:05,810 - Velocimacro : autoload off : VM system will not automatically reload global library macros
2016-08-03 14:13:46,383 - Log4JLogChute initialized using file 'velocity.log'
2016-08-03 14:13:46,383 - Velocity was not initialized! Calling init()...
2016-08-03 14:13:46,383 - Starting Apache Velocity v1.5 (compiled: 2007-02-22 08:52:29)
2016-08-03 14:13:46,383 - Default Properties File: org\apache\velocity\runtime\defaults\velocity.properties
2016-08-03 14:13:46,383 - Trying to use logger class org.apache.velocity.runtime.log.AvalonLogChute
2016-08-03 14:13:46,383 - Couldn't find class org.apache.velocity.runtime.log.AvalonLogChute or necessary supporting classes in classpath.
java.lang.NoClassDefFoundError: org/apache/log/format/Formatter
	at java.lang.Class.forName0(Native Method)
	at java.lang.Class.forName(Class.java:348)
	at org.apache.velocity.util.ClassUtils.getClass(ClassUtils.java:63)
	at org.apache.velocity.util.ClassUtils.getNewInstance(ClassUtils.java:95)
	at org.apache.velocity.runtime.log.LogManager.createLogChute(LogManager.java:147)
	at org.apache.velocity.runtime.log.LogManager.updateLog(LogManager.java:208)
	at org.apache.velocity.runtime.RuntimeInstance.initializeLog(RuntimeInstance.java:728)
	at org.apache.velocity.runtime.RuntimeInstance.init(RuntimeInstance.java:240)
	at org.apache.velocity.runtime.RuntimeInstance.parse(RuntimeInstance.java:993)
	at org.apache.velocity.runtime.RuntimeInstance.parse(RuntimeInstance.java:972)
	at org.apache.velocity.runtime.RuntimeSingleton.parse(RuntimeSingleton.java:265)
	at org.apache.velocity.app.Velocity.evaluate(Velocity.java:274)
	at org.sonatype.mavenbook.weather.WeatherFormatter.format(WeatherFormatter.java:21)
	at org.sonatype.mavenbook.weather.yahoo.WeatherFormatterTest.testFormat(WeatherFormatterTest.java:23)
	at sun.reflect.NativeMethodAccessorImpl.invoke0(Native Method)
	at sun.reflect.NativeMethodAccessorImpl.invoke(NativeMethodAccessorImpl.java:62)
	at sun.reflect.DelegatingMethodAccessorImpl.invoke(DelegatingMethodAccessorImpl.java:43)
	at java.lang.reflect.Method.invoke(Method.java:497)
	at junit.framework.TestCase.runTest(TestCase.java:176)
	at junit.framework.TestCase.runBare(TestCase.java:141)
	at junit.framework.TestResult$1.protect(TestResult.java:122)
	at junit.framework.TestResult.runProtected(TestResult.java:142)
	at junit.framework.TestResult.run(TestResult.java:125)
	at junit.framework.TestCase.run(TestCase.java:129)
	at junit.framework.TestSuite.runTest(TestSuite.java:252)
	at junit.framework.TestSuite.run(TestSuite.java:247)
	at org.junit.internal.runners.JUnit38ClassRunner.run(JUnit38ClassRunner.java:86)
	at org.apache.maven.surefire.junit4.JUnit4Provider.execute(JUnit4Provider.java:252)
	at org.apache.maven.surefire.junit4.JUnit4Provider.executeTestSet(JUnit4Provider.java:141)
	at org.apache.maven.surefire.junit4.JUnit4Provider.invoke(JUnit4Provider.java:112)
	at sun.reflect.NativeMethodAccessorImpl.invoke0(Native Method)
	at sun.reflect.NativeMethodAccessorImpl.invoke(NativeMethodAccessorImpl.java:62)
	at sun.reflect.DelegatingMethodAccessorImpl.invoke(DelegatingMethodAccessorImpl.java:43)
	at java.lang.reflect.Method.invoke(Method.java:497)
	at org.apache.maven.surefire.util.ReflectionUtils.invokeMethodWithArray(ReflectionUtils.java:189)
	at org.apache.maven.surefire.booter.ProviderFactory$ProviderProxy.invoke(ProviderFactory.java:165)
	at org.apache.maven.surefire.booter.ProviderFactory.invokeProvider(ProviderFactory.java:85)
	at org.apache.maven.surefire.booter.ForkedBooter.runSuitesInProcess(ForkedBooter.java:115)
	at org.apache.maven.surefire.booter.ForkedBooter.main(ForkedBooter.java:75)
Caused by: java.lang.ClassNotFoundException: org.apache.log.format.Formatter
	at java.net.URLClassLoader.findClass(URLClassLoader.java:381)
	at java.lang.ClassLoader.loadClass(ClassLoader.java:424)
	at sun.misc.Launcher$AppClassLoader.loadClass(Launcher.java:331)
	at java.lang.ClassLoader.loadClass(ClassLoader.java:357)
	... 39 more
2016-08-03 14:13:46,393 - Trying to use logger class org.apache.velocity.runtime.log.Log4JLogChute
2016-08-03 14:13:46,393 - Using logger class org.apache.velocity.runtime.log.Log4JLogChute
2016-08-03 14:13:46,393 - Default ResourceManager initializing. (class org.apache.velocity.runtime.resource.ResourceManagerImpl)
2016-08-03 14:13:46,403 - ResourceLoader instantiated: org.apache.velocity.runtime.resource.loader.FileResourceLoader
2016-08-03 14:13:46,403 - Do unicode file recognition:  false
2016-08-03 14:13:46,403 - FileResourceLoader : adding path '.'
2016-08-03 14:13:46,463 - ResourceCache: initialized (class org.apache.velocity.runtime.resource.ResourceCacheImpl)
2016-08-03 14:13:46,463 - Loaded System Directive: org.apache.velocity.runtime.directive.Literal
2016-08-03 14:13:46,463 - Loaded System Directive: org.apache.velocity.runtime.directive.Macro
2016-08-03 14:13:46,463 - Loaded System Directive: org.apache.velocity.runtime.directive.Parse
2016-08-03 14:13:46,463 - Loaded System Directive: org.apache.velocity.runtime.directive.Include
2016-08-03 14:13:46,463 - Loaded System Directive: org.apache.velocity.runtime.directive.Foreach
2016-08-03 14:13:46,483 - Created '20' parsers.
2016-08-03 14:13:46,483 - Velocimacro : "velocimacro.library" is not set.  Trying default library: VM_global_library.vm
2016-08-03 14:13:46,483 - Velocimacro : Default library not found.
2016-08-03 14:13:46,483 - Velocimacro : allowInline = true : VMs can be defined inline in templates
2016-08-03 14:13:46,483 - Velocimacro : allowInlineToOverride = false : VMs defined inline may NOT replace previous VM definitions
2016-08-03 14:13:46,483 - Velocimacro : allowInlineLocal = false : VMs defined inline will be global in scope if allowed.
2016-08-03 14:13:46,483 - Velocimacro : autoload off : VM system will not automatically reload global library macros
2016-08-03 14:25:04,242 - Log4JLogChute initialized using file 'velocity.log'
2016-08-03 14:25:04,242 - Velocity was not initialized! Calling init()...
2016-08-03 14:25:04,242 - Starting Apache Velocity v1.5 (compiled: 2007-02-22 08:52:29)
2016-08-03 14:25:04,242 - Default Properties File: org\apache\velocity\runtime\defaults\velocity.properties
2016-08-03 14:25:04,242 - Trying to use logger class org.apache.velocity.runtime.log.AvalonLogChute
2016-08-03 14:25:04,252 - Couldn't find class org.apache.velocity.runtime.log.AvalonLogChute or necessary supporting classes in classpath.
java.lang.NoClassDefFoundError: org/apache/log/format/Formatter
	at java.lang.Class.forName0(Native Method)
	at java.lang.Class.forName(Class.java:348)
	at org.apache.velocity.util.ClassUtils.getClass(ClassUtils.java:63)
	at org.apache.velocity.util.ClassUtils.getNewInstance(ClassUtils.java:95)
	at org.apache.velocity.runtime.log.LogManager.createLogChute(LogManager.java:147)
	at org.apache.velocity.runtime.log.LogManager.updateLog(LogManager.java:208)
	at org.apache.velocity.runtime.RuntimeInstance.initializeLog(RuntimeInstance.java:728)
	at org.apache.velocity.runtime.RuntimeInstance.init(RuntimeInstance.java:240)
	at org.apache.velocity.runtime.RuntimeInstance.parse(RuntimeInstance.java:993)
	at org.apache.velocity.runtime.RuntimeInstance.parse(RuntimeInstance.java:972)
	at org.apache.velocity.runtime.RuntimeSingleton.parse(RuntimeSingleton.java:265)
	at org.apache.velocity.app.Velocity.evaluate(Velocity.java:274)
	at org.sonatype.mavenbook.weather.WeatherFormatter.format(WeatherFormatter.java:21)
	at org.sonatype.mavenbook.weather.yahoo.WeatherFormatterTest.testFormat(WeatherFormatterTest.java:23)
	at sun.reflect.NativeMethodAccessorImpl.invoke0(Native Method)
	at sun.reflect.NativeMethodAccessorImpl.invoke(NativeMethodAccessorImpl.java:62)
	at sun.reflect.DelegatingMethodAccessorImpl.invoke(DelegatingMethodAccessorImpl.java:43)
	at java.lang.reflect.Method.invoke(Method.java:497)
	at junit.framework.TestCase.runTest(TestCase.java:176)
	at junit.framework.TestCase.runBare(TestCase.java:141)
	at junit.framework.TestResult$1.protect(TestResult.java:122)
	at junit.framework.TestResult.runProtected(TestResult.java:142)
	at junit.framework.TestResult.run(TestResult.java:125)
	at junit.framework.TestCase.run(TestCase.java:129)
	at junit.framework.TestSuite.runTest(TestSuite.java:252)
	at junit.framework.TestSuite.run(TestSuite.java:247)
	at org.junit.internal.runners.JUnit38ClassRunner.run(JUnit38ClassRunner.java:86)
	at org.apache.maven.surefire.junit4.JUnit4Provider.execute(JUnit4Provider.java:252)
	at org.apache.maven.surefire.junit4.JUnit4Provider.executeTestSet(JUnit4Provider.java:141)
	at org.apache.maven.surefire.junit4.JUnit4Provider.invoke(JUnit4Provider.java:112)
	at sun.reflect.NativeMethodAccessorImpl.invoke0(Native Method)
	at sun.reflect.NativeMethodAccessorImpl.invoke(NativeMethodAccessorImpl.java:62)
	at sun.reflect.DelegatingMethodAccessorImpl.invoke(DelegatingMethodAccessorImpl.java:43)
	at java.lang.reflect.Method.invoke(Method.java:497)
	at org.apache.maven.surefire.util.ReflectionUtils.invokeMethodWithArray(ReflectionUtils.java:189)
	at org.apache.maven.surefire.booter.ProviderFactory$ProviderProxy.invoke(ProviderFactory.java:165)
	at org.apache.maven.surefire.booter.ProviderFactory.invokeProvider(ProviderFactory.java:85)
	at org.apache.maven.surefire.booter.ForkedBooter.runSuitesInProcess(ForkedBooter.java:115)
	at org.apache.maven.surefire.booter.ForkedBooter.main(ForkedBooter.java:75)
Caused by: java.lang.ClassNotFoundException: org.apache.log.format.Formatter
	at java.net.URLClassLoader.findClass(URLClassLoader.java:381)
	at java.lang.ClassLoader.loadClass(ClassLoader.java:424)
	at sun.misc.Launcher$AppClassLoader.loadClass(Launcher.java:331)
	at java.lang.ClassLoader.loadClass(ClassLoader.java:357)
	... 39 more
2016-08-03 14:25:04,252 - Trying to use logger class org.apache.velocity.runtime.log.Log4JLogChute
2016-08-03 14:25:04,252 - Using logger class org.apache.velocity.runtime.log.Log4JLogChute
2016-08-03 14:25:04,252 - Default ResourceManager initializing. (class org.apache.velocity.runtime.resource.ResourceManagerImpl)
2016-08-03 14:25:04,252 - ResourceLoader instantiated: org.apache.velocity.runtime.resource.loader.FileResourceLoader
2016-08-03 14:25:04,252 - Do unicode file recognition:  false
2016-08-03 14:25:04,252 - FileResourceLoader : adding path '.'
2016-08-03 14:25:04,262 - ResourceCache: initialized (class org.apache.velocity.runtime.resource.ResourceCacheImpl)
2016-08-03 14:25:04,262 - Loaded System Directive: org.apache.velocity.runtime.directive.Literal
2016-08-03 14:25:04,262 - Loaded System Directive: org.apache.velocity.runtime.directive.Macro
2016-08-03 14:25:04,262 - Loaded System Directive: org.apache.velocity.runtime.directive.Parse
2016-08-03 14:25:04,262 - Loaded System Directive: org.apache.velocity.runtime.directive.Include
2016-08-03 14:25:04,262 - Loaded System Directive: org.apache.velocity.runtime.directive.Foreach
2016-08-03 14:25:04,282 - Created '20' parsers.
2016-08-03 14:25:04,282 - Velocimacro : "velocimacro.library" is not set.  Trying default library: VM_global_library.vm
2016-08-03 14:25:04,282 - Velocimacro : Default library not found.
2016-08-03 14:25:04,282 - Velocimacro : allowInline = true : VMs can be defined inline in templates
2016-08-03 14:25:04,282 - Velocimacro : allowInlineToOverride = false : VMs defined inline may NOT replace previous VM definitions
2016-08-03 14:25:04,282 - Velocimacro : allowInlineLocal = false : VMs defined inline will be global in scope if allowed.
2016-08-03 14:25:04,282 - Velocimacro : autoload off : VM system will not automatically reload global library macros
2016-08-03 14:48:45,814 - Log4JLogChute initialized using file 'velocity.log'
2016-08-03 14:48:45,814 - Velocity was not initialized! Calling init()...
2016-08-03 14:48:45,814 - Starting Apache Velocity v1.5 (compiled: 2007-02-22 08:52:29)
2016-08-03 14:48:45,814 - Default Properties File: org\apache\velocity\runtime\defaults\velocity.properties
2016-08-03 14:48:45,814 - Trying to use logger class org.apache.velocity.runtime.log.AvalonLogChute
2016-08-03 14:48:45,814 - Couldn't find class org.apache.velocity.runtime.log.AvalonLogChute or necessary supporting classes in classpath.
java.lang.NoClassDefFoundError: org/apache/log/format/Formatter
	at java.lang.Class.forName0(Native Method)
	at java.lang.Class.forName(Class.java:348)
	at org.apache.velocity.util.ClassUtils.getClass(ClassUtils.java:63)
	at org.apache.velocity.util.ClassUtils.getNewInstance(ClassUtils.java:95)
	at org.apache.velocity.runtime.log.LogManager.createLogChute(LogManager.java:147)
	at org.apache.velocity.runtime.log.LogManager.updateLog(LogManager.java:208)
	at org.apache.velocity.runtime.RuntimeInstance.initializeLog(RuntimeInstance.java:728)
	at org.apache.velocity.runtime.RuntimeInstance.init(RuntimeInstance.java:240)
	at org.apache.velocity.runtime.RuntimeInstance.parse(RuntimeInstance.java:993)
	at org.apache.velocity.runtime.RuntimeInstance.parse(RuntimeInstance.java:972)
	at org.apache.velocity.runtime.RuntimeSingleton.parse(RuntimeSingleton.java:265)
	at org.apache.velocity.app.Velocity.evaluate(Velocity.java:274)
	at org.sonatype.mavenbook.weather.WeatherFormatter.format(WeatherFormatter.java:21)
	at org.sonatype.mavenbook.weather.yahoo.WeatherFormatterTest.testFormat(WeatherFormatterTest.java:23)
	at sun.reflect.NativeMethodAccessorImpl.invoke0(Native Method)
	at sun.reflect.NativeMethodAccessorImpl.invoke(NativeMethodAccessorImpl.java:62)
	at sun.reflect.DelegatingMethodAccessorImpl.invoke(DelegatingMethodAccessorImpl.java:43)
	at java.lang.reflect.Method.invoke(Method.java:497)
	at junit.framework.TestCase.runTest(TestCase.java:176)
	at junit.framework.TestCase.runBare(TestCase.java:141)
	at junit.framework.TestResult$1.protect(TestResult.java:122)
	at junit.framework.TestResult.runProtected(TestResult.java:142)
	at junit.framework.TestResult.run(TestResult.java:125)
	at junit.framework.TestCase.run(TestCase.java:129)
	at junit.framework.TestSuite.runTest(TestSuite.java:252)
	at junit.framework.TestSuite.run(TestSuite.java:247)
	at org.junit.internal.runners.JUnit38ClassRunner.run(JUnit38ClassRunner.java:86)
	at org.apache.maven.surefire.junit4.JUnit4Provider.execute(JUnit4Provider.java:252)
	at org.apache.maven.surefire.junit4.JUnit4Provider.executeTestSet(JUnit4Provider.java:141)
	at org.apache.maven.surefire.junit4.JUnit4Provider.invoke(JUnit4Provider.java:112)
	at sun.reflect.NativeMethodAccessorImpl.invoke0(Native Method)
	at sun.reflect.NativeMethodAccessorImpl.invoke(NativeMethodAccessorImpl.java:62)
	at sun.reflect.DelegatingMethodAccessorImpl.invoke(DelegatingMethodAccessorImpl.java:43)
	at java.lang.reflect.Method.invoke(Method.java:497)
	at org.apache.maven.surefire.util.ReflectionUtils.invokeMethodWithArray(ReflectionUtils.java:189)
	at org.apache.maven.surefire.booter.ProviderFactory$ProviderProxy.invoke(ProviderFactory.java:165)
	at org.apache.maven.surefire.booter.ProviderFactory.invokeProvider(ProviderFactory.java:85)
	at org.apache.maven.surefire.booter.ForkedBooter.runSuitesInProcess(ForkedBooter.java:115)
	at org.apache.maven.surefire.booter.ForkedBooter.main(ForkedBooter.java:75)
Caused by: java.lang.ClassNotFoundException: org.apache.log.format.Formatter
	at java.net.URLClassLoader.findClass(URLClassLoader.java:381)
	at java.lang.ClassLoader.loadClass(ClassLoader.java:424)
	at sun.misc.Launcher$AppClassLoader.loadClass(Launcher.java:331)
	at java.lang.ClassLoader.loadClass(ClassLoader.java:357)
	... 39 more
2016-08-03 14:48:45,814 - Trying to use logger class org.apache.velocity.runtime.log.Log4JLogChute
2016-08-03 14:48:45,814 - Using logger class org.apache.velocity.runtime.log.Log4JLogChute
2016-08-03 14:48:45,814 - Default ResourceManager initializing. (class org.apache.velocity.runtime.resource.ResourceManagerImpl)
2016-08-03 14:48:45,824 - ResourceLoader instantiated: org.apache.velocity.runtime.resource.loader.FileResourceLoader
2016-08-03 14:48:45,824 - Do unicode file recognition:  false
2016-08-03 14:48:45,824 - FileResourceLoader : adding path '.'
2016-08-03 14:48:45,824 - ResourceCache: initialized (class org.apache.velocity.runtime.resource.ResourceCacheImpl)
2016-08-03 14:48:45,834 - Loaded System Directive: org.apache.velocity.runtime.directive.Literal
2016-08-03 14:48:45,834 - Loaded System Directive: org.apache.velocity.runtime.directive.Macro
2016-08-03 14:48:45,834 - Loaded System Directive: org.apache.velocity.runtime.directive.Parse
2016-08-03 14:48:45,834 - Loaded System Directive: org.apache.velocity.runtime.directive.Include
2016-08-03 14:48:45,834 - Loaded System Directive: org.apache.velocity.runtime.directive.Foreach
2016-08-03 14:48:45,854 - Created '20' parsers.
2016-08-03 14:48:45,854 - Velocimacro : "velocimacro.library" is not set.  Trying default library: VM_global_library.vm
2016-08-03 14:48:45,854 - Velocimacro : Default library not found.
2016-08-03 14:48:45,854 - Velocimacro : allowInline = true : VMs can be defined inline in templates
2016-08-03 14:48:45,854 - Velocimacro : allowInlineToOverride = false : VMs defined inline may NOT replace previous VM definitions
2016-08-03 14:48:45,854 - Velocimacro : allowInlineLocal = false : VMs defined inline will be global in scope if allowed.
2016-08-03 14:48:45,854 - Velocimacro : autoload off : VM system will not automatically reload global library macros
2016-08-03 14:54:11,649 - Log4JLogChute initialized using file 'velocity.log'
2016-08-03 14:54:11,649 - Velocity was not initialized! Calling init()...
2016-08-03 14:54:11,649 - Starting Apache Velocity v1.5 (compiled: 2007-02-22 08:52:29)
2016-08-03 14:54:11,649 - Default Properties File: org\apache\velocity\runtime\defaults\velocity.properties
2016-08-03 14:54:11,649 - Trying to use logger class org.apache.velocity.runtime.log.AvalonLogChute
2016-08-03 14:54:11,649 - Couldn't find class org.apache.velocity.runtime.log.AvalonLogChute or necessary supporting classes in classpath.
java.lang.NoClassDefFoundError: org/apache/log/format/Formatter
	at java.lang.Class.forName0(Native Method)
	at java.lang.Class.forName(Class.java:348)
	at org.apache.velocity.util.ClassUtils.getClass(ClassUtils.java:63)
	at org.apache.velocity.util.ClassUtils.getNewInstance(ClassUtils.java:95)
	at org.apache.velocity.runtime.log.LogManager.createLogChute(LogManager.java:147)
	at org.apache.velocity.runtime.log.LogManager.updateLog(LogManager.java:208)
	at org.apache.velocity.runtime.RuntimeInstance.initializeLog(RuntimeInstance.java:728)
	at org.apache.velocity.runtime.RuntimeInstance.init(RuntimeInstance.java:240)
	at org.apache.velocity.runtime.RuntimeInstance.parse(RuntimeInstance.java:993)
	at org.apache.velocity.runtime.RuntimeInstance.parse(RuntimeInstance.java:972)
	at org.apache.velocity.runtime.RuntimeSingleton.parse(RuntimeSingleton.java:265)
	at org.apache.velocity.app.Velocity.evaluate(Velocity.java:274)
	at org.sonatype.mavenbook.weather.WeatherFormatter.format(WeatherFormatter.java:21)
	at org.sonatype.mavenbook.weather.yahoo.WeatherFormatterTest.testFormat(WeatherFormatterTest.java:23)
	at sun.reflect.NativeMethodAccessorImpl.invoke0(Native Method)
	at sun.reflect.NativeMethodAccessorImpl.invoke(NativeMethodAccessorImpl.java:62)
	at sun.reflect.DelegatingMethodAccessorImpl.invoke(DelegatingMethodAccessorImpl.java:43)
	at java.lang.reflect.Method.invoke(Method.java:497)
	at junit.framework.TestCase.runTest(TestCase.java:176)
	at junit.framework.TestCase.runBare(TestCase.java:141)
	at junit.framework.TestResult$1.protect(TestResult.java:122)
	at junit.framework.TestResult.runProtected(TestResult.java:142)
	at junit.framework.TestResult.run(TestResult.java:125)
	at junit.framework.TestCase.run(TestCase.java:129)
	at junit.framework.TestSuite.runTest(TestSuite.java:252)
	at junit.framework.TestSuite.run(TestSuite.java:247)
	at org.junit.internal.runners.JUnit38ClassRunner.run(JUnit38ClassRunner.java:86)
	at org.apache.maven.surefire.junit4.JUnit4Provider.execute(JUnit4Provider.java:252)
	at org.apache.maven.surefire.junit4.JUnit4Provider.executeTestSet(JUnit4Provider.java:141)
	at org.apache.maven.surefire.junit4.JUnit4Provider.invoke(JUnit4Provider.java:112)
	at sun.reflect.NativeMethodAccessorImpl.invoke0(Native Method)
	at sun.reflect.NativeMethodAccessorImpl.invoke(NativeMethodAccessorImpl.java:62)
	at sun.reflect.DelegatingMethodAccessorImpl.invoke(DelegatingMethodAccessorImpl.java:43)
	at java.lang.reflect.Method.invoke(Method.java:497)
	at org.apache.maven.surefire.util.ReflectionUtils.invokeMethodWithArray(ReflectionUtils.java:189)
	at org.apache.maven.surefire.booter.ProviderFactory$ProviderProxy.invoke(ProviderFactory.java:165)
	at org.apache.maven.surefire.booter.ProviderFactory.invokeProvider(ProviderFactory.java:85)
	at org.apache.maven.surefire.booter.ForkedBooter.runSuitesInProcess(ForkedBooter.java:115)
	at org.apache.maven.surefire.booter.ForkedBooter.main(ForkedBooter.java:75)
Caused by: java.lang.ClassNotFoundException: org.apache.log.format.Formatter
	at java.net.URLClassLoader.findClass(URLClassLoader.java:381)
	at java.lang.ClassLoader.loadClass(ClassLoader.java:424)
	at sun.misc.Launcher$AppClassLoader.loadClass(Launcher.java:331)
	at java.lang.ClassLoader.loadClass(ClassLoader.java:357)
	... 39 more
2016-08-03 14:54:11,649 - Trying to use logger class org.apache.velocity.runtime.log.Log4JLogChute
2016-08-03 14:54:11,649 - Using logger class org.apache.velocity.runtime.log.Log4JLogChute
2016-08-03 14:54:11,649 - Default ResourceManager initializing. (class org.apache.velocity.runtime.resource.ResourceManagerImpl)
2016-08-03 14:54:11,659 - ResourceLoader instantiated: org.apache.velocity.runtime.resource.loader.FileResourceLoader
2016-08-03 14:54:11,659 - Do unicode file recognition:  false
2016-08-03 14:54:11,659 - FileResourceLoader : adding path '.'
2016-08-03 14:54:11,659 - ResourceCache: initialized (class org.apache.velocity.runtime.resource.ResourceCacheImpl)
2016-08-03 14:54:11,659 - Loaded System Directive: org.apache.velocity.runtime.directive.Literal
2016-08-03 14:54:11,659 - Loaded System Directive: org.apache.velocity.runtime.directive.Macro
2016-08-03 14:54:11,659 - Loaded System Directive: org.apache.velocity.runtime.directive.Parse
2016-08-03 14:54:11,669 - Loaded System Directive: org.apache.velocity.runtime.directive.Include
2016-08-03 14:54:11,669 - Loaded System Directive: org.apache.velocity.runtime.directive.Foreach
2016-08-03 14:54:11,689 - Created '20' parsers.
2016-08-03 14:54:11,689 - Velocimacro : "velocimacro.library" is not set.  Trying default library: VM_global_library.vm
2016-08-03 14:54:11,689 - Velocimacro : Default library not found.
2016-08-03 14:54:11,689 - Velocimacro : allowInline = true : VMs can be defined inline in templates
2016-08-03 14:54:11,689 - Velocimacro : allowInlineToOverride = false : VMs defined inline may NOT replace previous VM definitions
2016-08-03 14:54:11,689 - Velocimacro : allowInlineLocal = false : VMs defined inline will be global in scope if allowed.
2016-08-03 14:54:11,689 - Velocimacro : autoload off : VM system will not automatically reload global library macros
2016-08-03 15:05:54,627 - Log4JLogChute initialized using file 'velocity.log'
2016-08-03 15:05:54,627 - Velocity was not initialized! Calling init()...
2016-08-03 15:05:54,627 - Starting Apache Velocity v1.5 (compiled: 2007-02-22 08:52:29)
2016-08-03 15:05:54,627 - Default Properties File: org\apache\velocity\runtime\defaults\velocity.properties
2016-08-03 15:05:54,627 - Trying to use logger class org.apache.velocity.runtime.log.AvalonLogChute
2016-08-03 15:05:54,627 - Couldn't find class org.apache.velocity.runtime.log.AvalonLogChute or necessary supporting classes in classpath.
java.lang.NoClassDefFoundError: org/apache/log/format/Formatter
	at java.lang.Class.forName0(Native Method)
	at java.lang.Class.forName(Class.java:348)
	at org.apache.velocity.util.ClassUtils.getClass(ClassUtils.java:63)
	at org.apache.velocity.util.ClassUtils.getNewInstance(ClassUtils.java:95)
	at org.apache.velocity.runtime.log.LogManager.createLogChute(LogManager.java:147)
	at org.apache.velocity.runtime.log.LogManager.updateLog(LogManager.java:208)
	at org.apache.velocity.runtime.RuntimeInstance.initializeLog(RuntimeInstance.java:728)
	at org.apache.velocity.runtime.RuntimeInstance.init(RuntimeInstance.java:240)
	at org.apache.velocity.runtime.RuntimeInstance.parse(RuntimeInstance.java:993)
	at org.apache.velocity.runtime.RuntimeInstance.parse(RuntimeInstance.java:972)
	at org.apache.velocity.runtime.RuntimeSingleton.parse(RuntimeSingleton.java:265)
	at org.apache.velocity.app.Velocity.evaluate(Velocity.java:274)
	at org.sonatype.mavenbook.weather.WeatherFormatter.format(WeatherFormatter.java:21)
	at org.sonatype.mavenbook.weather.yahoo.WeatherFormatterTest.testFormat(WeatherFormatterTest.java:23)
	at sun.reflect.NativeMethodAccessorImpl.invoke0(Native Method)
	at sun.reflect.NativeMethodAccessorImpl.invoke(NativeMethodAccessorImpl.java:62)
	at sun.reflect.DelegatingMethodAccessorImpl.invoke(DelegatingMethodAccessorImpl.java:43)
	at java.lang.reflect.Method.invoke(Method.java:497)
	at junit.framework.TestCase.runTest(TestCase.java:176)
	at junit.framework.TestCase.runBare(TestCase.java:141)
	at junit.framework.TestResult$1.protect(TestResult.java:122)
	at junit.framework.TestResult.runProtected(TestResult.java:142)
	at junit.framework.TestResult.run(TestResult.java:125)
	at junit.framework.TestCase.run(TestCase.java:129)
	at junit.framework.TestSuite.runTest(TestSuite.java:252)
	at junit.framework.TestSuite.run(TestSuite.java:247)
	at org.junit.internal.runners.JUnit38ClassRunner.run(JUnit38ClassRunner.java:86)
	at org.apache.maven.surefire.junit4.JUnit4Provider.execute(JUnit4Provider.java:252)
	at org.apache.maven.surefire.junit4.JUnit4Provider.executeTestSet(JUnit4Provider.java:141)
	at org.apache.maven.surefire.junit4.JUnit4Provider.invoke(JUnit4Provider.java:112)
	at sun.reflect.NativeMethodAccessorImpl.invoke0(Native Method)
	at sun.reflect.NativeMethodAccessorImpl.invoke(NativeMethodAccessorImpl.java:62)
	at sun.reflect.DelegatingMethodAccessorImpl.invoke(DelegatingMethodAccessorImpl.java:43)
	at java.lang.reflect.Method.invoke(Method.java:497)
	at org.apache.maven.surefire.util.ReflectionUtils.invokeMethodWithArray(ReflectionUtils.java:189)
	at org.apache.maven.surefire.booter.ProviderFactory$ProviderProxy.invoke(ProviderFactory.java:165)
	at org.apache.maven.surefire.booter.ProviderFactory.invokeProvider(ProviderFactory.java:85)
	at org.apache.maven.surefire.booter.ForkedBooter.runSuitesInProcess(ForkedBooter.java:115)
	at org.apache.maven.surefire.booter.ForkedBooter.main(ForkedBooter.java:75)
Caused by: java.lang.ClassNotFoundException: org.apache.log.format.Formatter
	at java.net.URLClassLoader.findClass(URLClassLoader.java:381)
	at java.lang.ClassLoader.loadClass(ClassLoader.java:424)
	at sun.misc.Launcher$AppClassLoader.loadClass(Launcher.java:331)
	at java.lang.ClassLoader.loadClass(ClassLoader.java:357)
	... 39 more
2016-08-03 15:05:54,627 - Trying to use logger class org.apache.velocity.runtime.log.Log4JLogChute
2016-08-03 15:05:54,627 - Using logger class org.apache.velocity.runtime.log.Log4JLogChute
2016-08-03 15:05:54,627 - Default ResourceManager initializing. (class org.apache.velocity.runtime.resource.ResourceManagerImpl)
2016-08-03 15:05:54,627 - ResourceLoader instantiated: org.apache.velocity.runtime.resource.loader.FileResourceLoader
2016-08-03 15:05:54,627 - Do unicode file recognition:  false
2016-08-03 15:05:54,627 - FileResourceLoader : adding path '.'
2016-08-03 15:05:54,637 - ResourceCache: initialized (class org.apache.velocity.runtime.resource.ResourceCacheImpl)
2016-08-03 15:05:54,637 - Loaded System Directive: org.apache.velocity.runtime.directive.Literal
2016-08-03 15:05:54,637 - Loaded System Directive: org.apache.velocity.runtime.directive.Macro
2016-08-03 15:05:54,637 - Loaded System Directive: org.apache.velocity.runtime.directive.Parse
2016-08-03 15:05:54,637 - Loaded System Directive: org.apache.velocity.runtime.directive.Include
2016-08-03 15:05:54,637 - Loaded System Directive: org.apache.velocity.runtime.directive.Foreach
2016-08-03 15:05:54,657 - Created '20' parsers.
2016-08-03 15:05:54,667 - Velocimacro : "velocimacro.library" is not set.  Trying default library: VM_global_library.vm
2016-08-03 15:05:54,667 - Velocimacro : Default library not found.
2016-08-03 15:05:54,667 - Velocimacro : allowInline = true : VMs can be defined inline in templates
2016-08-03 15:05:54,667 - Velocimacro : allowInlineToOverride = false : VMs defined inline may NOT replace previous VM definitions
2016-08-03 15:05:54,667 - Velocimacro : allowInlineLocal = false : VMs defined inline will be global in scope if allowed.
2016-08-03 15:05:54,667 - Velocimacro : autoload off : VM system will not automatically reload global library macros
2016-08-03 15:08:11,201 - Log4JLogChute initialized using file 'velocity.log'
2016-08-03 15:08:11,201 - Velocity was not initialized! Calling init()...
2016-08-03 15:08:11,201 - Starting Apache Velocity v1.5 (compiled: 2007-02-22 08:52:29)
2016-08-03 15:08:11,201 - Default Properties File: org\apache\velocity\runtime\defaults\velocity.properties
2016-08-03 15:08:11,201 - Trying to use logger class org.apache.velocity.runtime.log.AvalonLogChute
2016-08-03 15:08:11,201 - Couldn't find class org.apache.velocity.runtime.log.AvalonLogChute or necessary supporting classes in classpath.
java.lang.NoClassDefFoundError: org/apache/log/format/Formatter
	at java.lang.Class.forName0(Native Method)
	at java.lang.Class.forName(Class.java:348)
	at org.apache.velocity.util.ClassUtils.getClass(ClassUtils.java:63)
	at org.apache.velocity.util.ClassUtils.getNewInstance(ClassUtils.java:95)
	at org.apache.velocity.runtime.log.LogManager.createLogChute(LogManager.java:147)
	at org.apache.velocity.runtime.log.LogManager.updateLog(LogManager.java:208)
	at org.apache.velocity.runtime.RuntimeInstance.initializeLog(RuntimeInstance.java:728)
	at org.apache.velocity.runtime.RuntimeInstance.init(RuntimeInstance.java:240)
	at org.apache.velocity.runtime.RuntimeInstance.parse(RuntimeInstance.java:993)
	at org.apache.velocity.runtime.RuntimeInstance.parse(RuntimeInstance.java:972)
	at org.apache.velocity.runtime.RuntimeSingleton.parse(RuntimeSingleton.java:265)
	at org.apache.velocity.app.Velocity.evaluate(Velocity.java:274)
	at org.sonatype.mavenbook.weather.WeatherFormatter.format(WeatherFormatter.java:21)
	at org.sonatype.mavenbook.weather.yahoo.WeatherFormatterTest.testFormat(WeatherFormatterTest.java:23)
	at sun.reflect.NativeMethodAccessorImpl.invoke0(Native Method)
	at sun.reflect.NativeMethodAccessorImpl.invoke(NativeMethodAccessorImpl.java:62)
	at sun.reflect.DelegatingMethodAccessorImpl.invoke(DelegatingMethodAccessorImpl.java:43)
	at java.lang.reflect.Method.invoke(Method.java:497)
	at junit.framework.TestCase.runTest(TestCase.java:176)
	at junit.framework.TestCase.runBare(TestCase.java:141)
	at junit.framework.TestResult$1.protect(TestResult.java:122)
	at junit.framework.TestResult.runProtected(TestResult.java:142)
	at junit.framework.TestResult.run(TestResult.java:125)
	at junit.framework.TestCase.run(TestCase.java:129)
	at junit.framework.TestSuite.runTest(TestSuite.java:252)
	at junit.framework.TestSuite.run(TestSuite.java:247)
	at org.junit.internal.runners.JUnit38ClassRunner.run(JUnit38ClassRunner.java:86)
	at org.apache.maven.surefire.junit4.JUnit4Provider.execute(JUnit4Provider.java:252)
	at org.apache.maven.surefire.junit4.JUnit4Provider.executeTestSet(JUnit4Provider.java:141)
	at org.apache.maven.surefire.junit4.JUnit4Provider.invoke(JUnit4Provider.java:112)
	at sun.reflect.NativeMethodAccessorImpl.invoke0(Native Method)
	at sun.reflect.NativeMethodAccessorImpl.invoke(NativeMethodAccessorImpl.java:62)
	at sun.reflect.DelegatingMethodAccessorImpl.invoke(DelegatingMethodAccessorImpl.java:43)
	at java.lang.reflect.Method.invoke(Method.java:497)
	at org.apache.maven.surefire.util.ReflectionUtils.invokeMethodWithArray(ReflectionUtils.java:189)
	at org.apache.maven.surefire.booter.ProviderFactory$ProviderProxy.invoke(ProviderFactory.java:165)
	at org.apache.maven.surefire.booter.ProviderFactory.invokeProvider(ProviderFactory.java:85)
	at org.apache.maven.surefire.booter.ForkedBooter.runSuitesInProcess(ForkedBooter.java:115)
	at org.apache.maven.surefire.booter.ForkedBooter.main(ForkedBooter.java:75)
Caused by: java.lang.ClassNotFoundException: org.apache.log.format.Formatter
	at java.net.URLClassLoader.findClass(URLClassLoader.java:381)
	at java.lang.ClassLoader.loadClass(ClassLoader.java:424)
	at sun.misc.Launcher$AppClassLoader.loadClass(Launcher.java:331)
	at java.lang.ClassLoader.loadClass(ClassLoader.java:357)
	... 39 more
2016-08-03 15:08:11,201 - Trying to use logger class org.apache.velocity.runtime.log.Log4JLogChute
2016-08-03 15:08:11,201 - Using logger class org.apache.velocity.runtime.log.Log4JLogChute
2016-08-03 15:08:11,201 - Default ResourceManager initializing. (class org.apache.velocity.runtime.resource.ResourceManagerImpl)
2016-08-03 15:08:11,201 - ResourceLoader instantiated: org.apache.velocity.runtime.resource.loader.FileResourceLoader
2016-08-03 15:08:11,201 - Do unicode file recognition:  false
2016-08-03 15:08:11,201 - FileResourceLoader : adding path '.'
2016-08-03 15:08:11,211 - ResourceCache: initialized (class org.apache.velocity.runtime.resource.ResourceCacheImpl)
2016-08-03 15:08:11,211 - Loaded System Directive: org.apache.velocity.runtime.directive.Literal
2016-08-03 15:08:11,211 - Loaded System Directive: org.apache.velocity.runtime.directive.Macro
2016-08-03 15:08:11,211 - Loaded System Directive: org.apache.velocity.runtime.directive.Parse
2016-08-03 15:08:11,211 - Loaded System Directive: org.apache.velocity.runtime.directive.Include
2016-08-03 15:08:11,211 - Loaded System Directive: org.apache.velocity.runtime.directive.Foreach
2016-08-03 15:08:11,231 - Created '20' parsers.
2016-08-03 15:08:11,241 - Velocimacro : "velocimacro.library" is not set.  Trying default library: VM_global_library.vm
2016-08-03 15:08:11,241 - Velocimacro : Default library not found.
2016-08-03 15:08:11,241 - Velocimacro : allowInline = true : VMs can be defined inline in templates
2016-08-03 15:08:11,241 - Velocimacro : allowInlineToOverride = false : VMs defined inline may NOT replace previous VM definitions
2016-08-03 15:08:11,241 - Velocimacro : allowInlineLocal = false : VMs defined inline will be global in scope if allowed.
2016-08-03 15:08:11,241 - Velocimacro : autoload off : VM system will not automatically reload global library macros
2016-08-03 15:10:19,481 - Log4JLogChute initialized using file 'velocity.log'
2016-08-03 15:10:19,481 - Velocity was not initialized! Calling init()...
2016-08-03 15:10:19,481 - Starting Apache Velocity v1.5 (compiled: 2007-02-22 08:52:29)
2016-08-03 15:10:19,481 - Default Properties File: org\apache\velocity\runtime\defaults\velocity.properties
2016-08-03 15:10:19,481 - Trying to use logger class org.apache.velocity.runtime.log.AvalonLogChute
2016-08-03 15:10:19,481 - Couldn't find class org.apache.velocity.runtime.log.AvalonLogChute or necessary supporting classes in classpath.
java.lang.NoClassDefFoundError: org/apache/log/format/Formatter
	at java.lang.Class.forName0(Native Method)
	at java.lang.Class.forName(Class.java:348)
	at org.apache.velocity.util.ClassUtils.getClass(ClassUtils.java:63)
	at org.apache.velocity.util.ClassUtils.getNewInstance(ClassUtils.java:95)
	at org.apache.velocity.runtime.log.LogManager.createLogChute(LogManager.java:147)
	at org.apache.velocity.runtime.log.LogManager.updateLog(LogManager.java:208)
	at org.apache.velocity.runtime.RuntimeInstance.initializeLog(RuntimeInstance.java:728)
	at org.apache.velocity.runtime.RuntimeInstance.init(RuntimeInstance.java:240)
	at org.apache.velocity.runtime.RuntimeInstance.parse(RuntimeInstance.java:993)
	at org.apache.velocity.runtime.RuntimeInstance.parse(RuntimeInstance.java:972)
	at org.apache.velocity.runtime.RuntimeSingleton.parse(RuntimeSingleton.java:265)
	at org.apache.velocity.app.Velocity.evaluate(Velocity.java:274)
	at org.sonatype.mavenbook.weather.WeatherFormatter.format(WeatherFormatter.java:21)
	at org.sonatype.mavenbook.weather.yahoo.WeatherFormatterTest.testFormat(WeatherFormatterTest.java:23)
	at sun.reflect.NativeMethodAccessorImpl.invoke0(Native Method)
	at sun.reflect.NativeMethodAccessorImpl.invoke(NativeMethodAccessorImpl.java:62)
	at sun.reflect.DelegatingMethodAccessorImpl.invoke(DelegatingMethodAccessorImpl.java:43)
	at java.lang.reflect.Method.invoke(Method.java:497)
	at junit.framework.TestCase.runTest(TestCase.java:176)
	at junit.framework.TestCase.runBare(TestCase.java:141)
	at junit.framework.TestResult$1.protect(TestResult.java:122)
	at junit.framework.TestResult.runProtected(TestResult.java:142)
	at junit.framework.TestResult.run(TestResult.java:125)
	at junit.framework.TestCase.run(TestCase.java:129)
	at junit.framework.TestSuite.runTest(TestSuite.java:252)
	at junit.framework.TestSuite.run(TestSuite.java:247)
	at org.junit.internal.runners.JUnit38ClassRunner.run(JUnit38ClassRunner.java:86)
	at org.apache.maven.surefire.junit4.JUnit4Provider.execute(JUnit4Provider.java:252)
	at org.apache.maven.surefire.junit4.JUnit4Provider.executeTestSet(JUnit4Provider.java:141)
	at org.apache.maven.surefire.junit4.JUnit4Provider.invoke(JUnit4Provider.java:112)
	at sun.reflect.NativeMethodAccessorImpl.invoke0(Native Method)
	at sun.reflect.NativeMethodAccessorImpl.invoke(NativeMethodAccessorImpl.java:62)
	at sun.reflect.DelegatingMethodAccessorImpl.invoke(DelegatingMethodAccessorImpl.java:43)
	at java.lang.reflect.Method.invoke(Method.java:497)
	at org.apache.maven.surefire.util.ReflectionUtils.invokeMethodWithArray(ReflectionUtils.java:189)
	at org.apache.maven.surefire.booter.ProviderFactory$ProviderProxy.invoke(ProviderFactory.java:165)
	at org.apache.maven.surefire.booter.ProviderFactory.invokeProvider(ProviderFactory.java:85)
	at org.apache.maven.surefire.booter.ForkedBooter.runSuitesInProcess(ForkedBooter.java:115)
	at org.apache.maven.surefire.booter.ForkedBooter.main(ForkedBooter.java:75)
Caused by: java.lang.ClassNotFoundException: org.apache.log.format.Formatter
	at java.net.URLClassLoader.findClass(URLClassLoader.java:381)
	at java.lang.ClassLoader.loadClass(ClassLoader.java:424)
	at sun.misc.Launcher$AppClassLoader.loadClass(Launcher.java:331)
	at java.lang.ClassLoader.loadClass(ClassLoader.java:357)
	... 39 more
2016-08-03 15:10:19,483 - Trying to use logger class org.apache.velocity.runtime.log.Log4JLogChute
2016-08-03 15:10:19,483 - Using logger class org.apache.velocity.runtime.log.Log4JLogChute
2016-08-03 15:10:19,484 - Default ResourceManager initializing. (class org.apache.velocity.runtime.resource.ResourceManagerImpl)
2016-08-03 15:10:19,486 - ResourceLoader instantiated: org.apache.velocity.runtime.resource.loader.FileResourceLoader
2016-08-03 15:10:19,487 - Do unicode file recognition:  false
2016-08-03 15:10:19,487 - FileResourceLoader : adding path '.'
2016-08-03 15:10:19,495 - ResourceCache: initialized (class org.apache.velocity.runtime.resource.ResourceCacheImpl)
2016-08-03 15:10:19,496 - Loaded System Directive: org.apache.velocity.runtime.directive.Literal
2016-08-03 15:10:19,497 - Loaded System Directive: org.apache.velocity.runtime.directive.Macro
2016-08-03 15:10:19,497 - Loaded System Directive: org.apache.velocity.runtime.directive.Parse
2016-08-03 15:10:19,498 - Loaded System Directive: org.apache.velocity.runtime.directive.Include
2016-08-03 15:10:19,499 - Loaded System Directive: org.apache.velocity.runtime.directive.Foreach
2016-08-03 15:10:19,518 - Created '20' parsers.
2016-08-03 15:10:19,522 - Velocimacro : "velocimacro.library" is not set.  Trying default library: VM_global_library.vm
2016-08-03 15:10:19,532 - Velocimacro : Default library not found.
2016-08-03 15:10:19,532 - Velocimacro : allowInline = true : VMs can be defined inline in templates
2016-08-03 15:10:19,532 - Velocimacro : allowInlineToOverride = false : VMs defined inline may NOT replace previous VM definitions
2016-08-03 15:10:19,532 - Velocimacro : allowInlineLocal = false : VMs defined inline will be global in scope if allowed.
2016-08-03 15:10:19,532 - Velocimacro : autoload off : VM system will not automatically reload global library macros
